<?xml version="1.0" encoding="UTF-8"?>
<!-- Generated by org.testng.reporters.JUnitXMLReporter -->
<testsuite ignored="0" hostname="Krishna" failures="1" tests="1" name="OpencartTest(failed)(failed)(failed)(failed)" time="21.138" errors="0" timestamp="2024-06-22T16:48:46 IST">
  <testcase classname="testCases.TC_002_LoginTest" name="test_Login" time="17.387">
    <failure type="java.lang.AssertionError" message="expected [true] but found [false]">
      <![CDATA[java.lang.AssertionError: expected [true] but found [false]
at testCases.TC_002_LoginTest.test_Login(TC_002_LoginTest.java:33)
at java.base/java.util.ArrayList.forEach(ArrayList.java:1511)
... Removed 34 stack frames]]>
    </failure>
  </testcase> <!-- test_Login -->
</testsuite> <!-- OpencartTest(failed)(failed)(failed)(failed) -->
